<?xml version="1.0" encoding="UTF-8"?>
<testng-results ignored="0" total="0" passed="0" failed="0" skipped="0">
  <reporter-output>
  </reporter-output>
  <suite started-at="2024-08-11T23:22:39 GMT-07:00" name="Default suite" finished-at="2024-08-11T23:22:39 GMT-07:00" duration-ms="25">
    <groups>
    </groups>
    <test started-at="2024-08-11T23:22:39 GMT-07:00" name="Default test" finished-at="2024-08-11T23:22:39 GMT-07:00" duration-ms="25">
    </test> <!-- Default test -->
  </suite> <!-- Default suite -->
</testng-results>
